<?xml version="1.0" encoding="UTF-8"?>
<!-- Generated by org.testng.reporters.JUnitXMLReporter -->
<testsuite hostname="DDC5-D-4R55T72" ignored="3" name="Test" tests="1" failures="0" timestamp="16 Nov 2018 07:44:54 GMT" time="99.001" errors="0">
  <testcase name="dragFunction" time="64.948" classname="com.actions.demo.ActionsDemo"/>
  <testcase name="googleNavigation" time="0.0" classname="com.actions.demo.ActionsDemo">
    <ignored/>
  </testcase> <!-- googleNavigation -->
  <testcase name="rightclick" time="0.0" classname="com.actions.demo.ActionsDemo">
    <ignored/>
  </testcase> <!-- rightclick -->
  <testcase name="loginTest" time="0.0" classname="com.actions.demo.ActionsDemo">
    <ignored/>
  </testcase> <!-- loginTest -->
</testsuite> <!-- Test -->
