<?xml version="1.0" encoding="UTF-8"?>
<testng-results skipped="0" failed="0" ignored="3" total="4" passed="1">
  <reporter-output>
  </reporter-output>
  <suite name="Suite" duration-ms="17438" started-at="2018-11-16T04:32:55Z" finished-at="2018-11-16T04:33:13Z">
    <groups>
    </groups>
    <test name="Test" duration-ms="17438" started-at="2018-11-16T04:32:55Z" finished-at="2018-11-16T04:33:13Z">
      <class name="com.actions.demo.ActionsDemo">
        <test-method status="PASS" signature="setup()[pri:0, instance:com.actions.demo.ActionsDemo@604ed9f0]" name="setup" is-config="true" duration-ms="10480" started-at="2018-11-16T10:02:55Z" finished-at="2018-11-16T10:03:06Z">
          <reporter-output>
          </reporter-output>
        </test-method> <!-- setup -->
        <test-method status="PASS" signature="dragFunction()[pri:0, instance:com.actions.demo.ActionsDemo@604ed9f0]" name="dragFunction" duration-ms="6892" started-at="2018-11-16T10:03:06Z" finished-at="2018-11-16T10:03:13Z">
          <reporter-output>
          </reporter-output>
        </test-method> <!-- dragFunction -->
        <test-method status="PASS" signature="tearDown()[pri:0, instance:com.actions.demo.ActionsDemo@604ed9f0]" name="tearDown" is-config="true" duration-ms="1" started-at="2018-11-16T10:03:13Z" finished-at="2018-11-16T10:03:13Z">
          <reporter-output>
          </reporter-output>
        </test-method> <!-- tearDown -->
      </class> <!-- com.actions.demo.ActionsDemo -->
    </test> <!-- Test -->
  </suite> <!-- Suite -->
</testng-results>
